c:\users\thisisjo\documents\visual studio 2015\projects\towerdefense\graphiclibrary\debug\graphiclibrary.pch
c:\users\thisisjo\documents\visual studio 2015\projects\towerdefense\graphiclibrary\debug\vc140.pdb
c:\users\thisisjo\documents\visual studio 2015\projects\towerdefense\graphiclibrary\debug\vc140.idb
c:\users\thisisjo\documents\visual studio 2015\projects\towerdefense\graphiclibrary\debug\stdafx.obj
c:\users\thisisjo\documents\visual studio 2015\projects\towerdefense\graphiclibrary\debug\graphiclibrary.obj
c:\users\thisisjo\documents\visual studio 2015\projects\towerdefense\graphiclibrary\debug\graphicstorage.obj
c:\users\thisisjo\documents\visual studio 2015\projects\towerdefense\graphiclibrary\debug\bitmapobject.obj
c:\users\thisisjo\documents\visual studio 2015\projects\towerdefense\graphiclibrary\debug\graphicobject.obj
c:\users\thisisjo\documents\visual studio 2015\projects\towerdefense\graphiclibrary\debug\animatedbitmapobject.obj
c:\users\thisisjo\documents\visual studio 2015\projects\towerdefense\graphiclibrary\debug\graphicattacker.obj
c:\users\thisisjo\documents\visual studio 2015\projects\towerdefense\graphiclibrary\debug\graphicterrain.obj
c:\users\thisisjo\documents\visual studio 2015\projects\towerdefense\graphiclibrary\debug\graphictower.obj
c:\users\thisisjo\documents\visual studio 2015\projects\towerdefense\graphiclibrary\debug\graphicweapon.obj
c:\users\thisisjo\documents\visual studio 2015\projects\towerdefense\graphiclibrary\debug\graphiclibrary.res
c:\users\thisisjo\documents\visual studio 2015\projects\towerdefense\debug\graphiclibrary.pdb
c:\users\thisisjo\documents\visual studio 2015\projects\towerdefense\graphiclibrary\debug\graphiclibrary.tlog\cl.command.1.tlog
c:\users\thisisjo\documents\visual studio 2015\projects\towerdefense\graphiclibrary\debug\graphiclibrary.tlog\cl.read.1.tlog
c:\users\thisisjo\documents\visual studio 2015\projects\towerdefense\graphiclibrary\debug\graphiclibrary.tlog\cl.write.1.tlog
c:\users\thisisjo\documents\visual studio 2015\projects\towerdefense\graphiclibrary\debug\graphiclibrary.tlog\link-cvtres.read.1.tlog
c:\users\thisisjo\documents\visual studio 2015\projects\towerdefense\graphiclibrary\debug\graphiclibrary.tlog\link-cvtres.write.1.tlog
c:\users\thisisjo\documents\visual studio 2015\projects\towerdefense\graphiclibrary\debug\graphiclibrary.tlog\link-rc.read.1.tlog
c:\users\thisisjo\documents\visual studio 2015\projects\towerdefense\graphiclibrary\debug\graphiclibrary.tlog\link-rc.write.1.tlog
c:\users\thisisjo\documents\visual studio 2015\projects\towerdefense\graphiclibrary\debug\graphiclibrary.tlog\link.command.1.tlog
c:\users\thisisjo\documents\visual studio 2015\projects\towerdefense\graphiclibrary\debug\graphiclibrary.tlog\link.read.1.tlog
c:\users\thisisjo\documents\visual studio 2015\projects\towerdefense\graphiclibrary\debug\graphiclibrary.tlog\link.write.1.tlog
c:\users\thisisjo\documents\visual studio 2015\projects\towerdefense\graphiclibrary\debug\graphiclibrary.tlog\rc.command.1.tlog
c:\users\thisisjo\documents\visual studio 2015\projects\towerdefense\graphiclibrary\debug\graphiclibrary.tlog\rc.read.1.tlog
c:\users\thisisjo\documents\visual studio 2015\projects\towerdefense\graphiclibrary\debug\graphiclibrary.tlog\rc.write.1.tlog
