c:\users\thisisjo\documents\visual studio 2015\projects\towerdefense\logiclibrary\debug\logiclibrary.pch
c:\users\thisisjo\documents\visual studio 2015\projects\towerdefense\logiclibrary\debug\logiclibrary.pdb
c:\users\thisisjo\documents\visual studio 2015\projects\towerdefense\logiclibrary\debug\logiclibrary.idb
c:\users\thisisjo\documents\visual studio 2015\projects\towerdefense\logiclibrary\debug\stdafx.obj
c:\users\thisisjo\documents\visual studio 2015\projects\towerdefense\logiclibrary\debug\attacker.obj
c:\users\thisisjo\documents\visual studio 2015\projects\towerdefense\logiclibrary\debug\cell.obj
c:\users\thisisjo\documents\visual studio 2015\projects\towerdefense\logiclibrary\debug\coordinate.obj
c:\users\thisisjo\documents\visual studio 2015\projects\towerdefense\logiclibrary\debug\engine.obj
c:\users\thisisjo\documents\visual studio 2015\projects\towerdefense\logiclibrary\debug\machine.obj
c:\users\thisisjo\documents\visual studio 2015\projects\towerdefense\logiclibrary\debug\map.obj
c:\users\thisisjo\documents\visual studio 2015\projects\towerdefense\logiclibrary\debug\mapobject.obj
c:\users\thisisjo\documents\visual studio 2015\projects\towerdefense\logiclibrary\debug\pathobject.obj
c:\users\thisisjo\documents\visual studio 2015\projects\towerdefense\logiclibrary\debug\simplewave.obj
c:\users\thisisjo\documents\visual studio 2015\projects\towerdefense\logiclibrary\debug\terrain.obj
c:\users\thisisjo\documents\visual studio 2015\projects\towerdefense\logiclibrary\debug\tower.obj
c:\users\thisisjo\documents\visual studio 2015\projects\towerdefense\logiclibrary\debug\wave.obj
c:\users\thisisjo\documents\visual studio 2015\projects\towerdefense\logiclibrary\debug\weapon.obj
c:\users\thisisjo\documents\visual studio 2015\projects\towerdefense\logiclibrary\debug\landminebuilder.obj
c:\users\thisisjo\documents\visual studio 2015\projects\towerdefense\logiclibrary\debug\landmine.obj
c:\users\thisisjo\documents\visual studio 2015\projects\towerdefense\logiclibrary\debug\werewolf.obj
c:\users\thisisjo\documents\visual studio 2015\projects\towerdefense\debug\logiclibrary.lib
c:\users\thisisjo\documents\visual studio 2015\projects\towerdefense\logiclibrary\debug\logiclibrary.vcxprojresolveassemblyreference.cache
c:\users\thisisjo\documents\visual studio 2015\projects\towerdefense\debug\logiclibrary.pdb
c:\users\thisisjo\documents\visual studio 2015\projects\towerdefense\logiclibrary\debug\logiclibrary.tlog\cl.command.1.tlog
c:\users\thisisjo\documents\visual studio 2015\projects\towerdefense\logiclibrary\debug\logiclibrary.tlog\cl.read.1.tlog
c:\users\thisisjo\documents\visual studio 2015\projects\towerdefense\logiclibrary\debug\logiclibrary.tlog\cl.write.1.tlog
c:\users\thisisjo\documents\visual studio 2015\projects\towerdefense\logiclibrary\debug\logiclibrary.tlog\lib-link.read.1.tlog
c:\users\thisisjo\documents\visual studio 2015\projects\towerdefense\logiclibrary\debug\logiclibrary.tlog\lib-link.write.1.tlog
c:\users\thisisjo\documents\visual studio 2015\projects\towerdefense\logiclibrary\debug\logiclibrary.tlog\lib.command.1.tlog
