c:\users\thisisjo\documents\visual studio 2015\projects\towerdefense\towerdefense\debug\towerdefense.pch
c:\users\thisisjo\documents\visual studio 2015\projects\towerdefense\towerdefense\debug\vc140.pdb
c:\users\thisisjo\documents\visual studio 2015\projects\towerdefense\towerdefense\debug\vc140.idb
c:\users\thisisjo\documents\visual studio 2015\projects\towerdefense\towerdefense\debug\stdafx.obj
c:\users\thisisjo\documents\visual studio 2015\projects\towerdefense\towerdefense\debug\towerdefense.obj
c:\users\thisisjo\documents\visual studio 2015\projects\towerdefense\towerdefense\debug\megaengine.obj
c:\users\thisisjo\documents\visual studio 2015\projects\towerdefense\towerdefense\debug\inputmanager.obj
c:\users\thisisjo\documents\visual studio 2015\projects\towerdefense\towerdefense\debug\message.obj
c:\users\thisisjo\documents\visual studio 2015\projects\towerdefense\towerdefense\debug\messagequeue.obj
c:\users\thisisjo\documents\visual studio 2015\projects\towerdefense\towerdefense\debug\enginerunner.obj
c:\users\thisisjo\documents\visual studio 2015\projects\towerdefense\debug\towerdefense.ilk
c:\users\thisisjo\documents\visual studio 2015\projects\towerdefense\debug\towerdefense.exe
c:\users\thisisjo\documents\visual studio 2015\projects\towerdefense\debug\towerdefense.pdb
c:\users\thisisjo\documents\visual studio 2015\projects\towerdefense\towerdefense\debug\towerdefense.res
c:\users\thisisjo\documents\visual studio 2015\projects\towerdefense\towerdefense\debug\towerdefense.vcxprojresolveassemblyreference.cache
c:\users\thisisjo\documents\visual studio 2015\projects\towerdefense\towerdefense\debug\towerdefense.tlog\cl.command.1.tlog
c:\users\thisisjo\documents\visual studio 2015\projects\towerdefense\towerdefense\debug\towerdefense.tlog\cl.read.1.tlog
c:\users\thisisjo\documents\visual studio 2015\projects\towerdefense\towerdefense\debug\towerdefense.tlog\cl.write.1.tlog
c:\users\thisisjo\documents\visual studio 2015\projects\towerdefense\towerdefense\debug\towerdefense.tlog\link-cvtres.read.1.tlog
c:\users\thisisjo\documents\visual studio 2015\projects\towerdefense\towerdefense\debug\towerdefense.tlog\link-cvtres.write.1.tlog
c:\users\thisisjo\documents\visual studio 2015\projects\towerdefense\towerdefense\debug\towerdefense.tlog\link-rc.read.1.tlog
c:\users\thisisjo\documents\visual studio 2015\projects\towerdefense\towerdefense\debug\towerdefense.tlog\link-rc.write.1.tlog
c:\users\thisisjo\documents\visual studio 2015\projects\towerdefense\towerdefense\debug\towerdefense.tlog\link.command.1.tlog
c:\users\thisisjo\documents\visual studio 2015\projects\towerdefense\towerdefense\debug\towerdefense.tlog\link.read.1.tlog
c:\users\thisisjo\documents\visual studio 2015\projects\towerdefense\towerdefense\debug\towerdefense.tlog\link.write.1.tlog
c:\users\thisisjo\documents\visual studio 2015\projects\towerdefense\towerdefense\debug\towerdefense.tlog\rc.command.1.tlog
c:\users\thisisjo\documents\visual studio 2015\projects\towerdefense\towerdefense\debug\towerdefense.tlog\rc.read.1.tlog
c:\users\thisisjo\documents\visual studio 2015\projects\towerdefense\towerdefense\debug\towerdefense.tlog\rc.write.1.tlog
